SF:/Users/hocnguyent./Desktop/My/rxdart/packages/rxdart/lib/src/rx.dart
DA:99,1
DA:101,1
DA:122,1
DA:123,1
DA:141,1
DA:143,1
DA:162,1
DA:167,1
DA:187,1
DA:193,1
DA:215,1
DA:222,1
DA:245,1
DA:253,1
DA:277,1
DA:286,1
DA:311,1
DA:321,1
DA:356,1
DA:367,1
DA:399,1
DA:400,1
DA:423,1
DA:424,1
DA:440,1
DA:442,1
DA:477,1
DA:479,1
DA:495,1
DA:496,1
DA:509,1
DA:511,1
DA:525,1
DA:527,1
DA:542,1
DA:548,1
DA:564,1
DA:571,1
DA:589,0
DA:597,0
DA:616,1
DA:625,1
DA:645,1
DA:655,1
DA:685,1
DA:696,1
DA:732,1
DA:734,1
DA:751,1
DA:752,1
DA:765,2
DA:782,1
DA:783,1
DA:793,1
DA:794,1
DA:807,1
DA:809,1
DA:831,1
DA:832,1
DA:886,1
DA:890,1
DA:904,1
DA:910,1
DA:941,1
DA:942,1
DA:950,1
DA:951,1
DA:972,1
DA:977,1
DA:1005,1
DA:1007,1
DA:1037,1
DA:1039,1
DA:1068,1
DA:1069,1
DA:1094,1
DA:1096,1
DA:1122,1
DA:1128,1
DA:1155,1
DA:1162,1
DA:1190,1
DA:1198,1
DA:1235,1
DA:1244,1
DA:1283,1
DA:1293,1
DA:1334,1
DA:1345,1
LF:89
LH:87
end_of_record
SF:/Users/hocnguyent./Desktop/My/rxdart/packages/rxdart/lib/src/utils/composite_subscription.dart
DA:24,2
DA:27,3
DA:30,3
DA:33,3
DA:36,1
DA:37,2
DA:38,4
DA:43,1
DA:44,1
DA:45,1
DA:46,2
DA:48,2
DA:53,1
DA:57,2
DA:58,1
DA:64,1
DA:65,2
DA:66,2
DA:73,1
DA:74,1
DA:75,1
DA:80,1
DA:81,2
DA:84,3
DA:88,1
DA:89,2
DA:91,1
DA:92,1
DA:94,1
DA:95,1
DA:97,1
DA:98,1
DA:100,1
DA:101,1
DA:103,1
DA:104,1
DA:106,1
DA:107,1
DA:109,1
DA:110,1
DA:112,2
DA:119,0
DA:120,0
LF:43
LH:41
end_of_record
SF:/Users/hocnguyent./Desktop/My/rxdart/packages/rxdart/lib/src/utils/error_and_stacktrace.dart
DA:12,1
DA:14,0
DA:16,0
DA:18,1
DA:21,1
DA:22,3
DA:23,3
DA:24,3
DA:26,1
DA:27,5
LF:10
LH:8
end_of_record
SF:/Users/hocnguyent./Desktop/My/rxdart/packages/rxdart/lib/src/utils/notification.dart
DA:25,2
DA:28,2
DA:34,1
DA:35,1
DA:41,3
DA:44,3
DA:47,3
DA:52,2
DA:56,0
DA:58,0
DA:63,1
DA:64,1
DA:68,1
DA:70,2
DA:74,1
DA:82,1
DA:83,2
DA:86,1
DA:87,1
DA:90,1
DA:91,2
DA:94,0
DA:104,2
DA:106,1
DA:109,1
DA:110,3
DA:111,3
DA:113,1
DA:114,2
DA:116,1
DA:117,2
DA:123,3
DA:125,1
DA:128,4
DA:130,1
DA:133,1
DA:143,3
DA:146,3
DA:149,1
DA:150,1
DA:153,1
DA:154,2
DA:156,1
DA:159,1
DA:160,3
DA:161,3
DA:163,1
DA:164,2
DA:166,1
DA:168,3
LF:50
LH:47
end_of_record
SF:/Users/hocnguyent./Desktop/My/rxdart/packages/rxdart/lib/src/utils/subscription.dart
DA:11,1
DA:12,2
DA:13,1
DA:19,1
DA:20,2
DA:21,1
DA:32,1
DA:33,4
LF:8
LH:8
end_of_record
SF:/Users/hocnguyent./Desktop/My/rxdart/packages/rxdart/lib/src/utils/future.dart
DA:5,1
DA:7,1
DA:8,3
DA:13,1
DA:14,1
DA:15,1
DA:17,1
DA:18,1
DA:20,2
DA:25,1
LF:10
LH:10
end_of_record
SF:/Users/hocnguyent./Desktop/My/rxdart/packages/rxdart/lib/src/transformers/backpressure/buffer.dart
DA:22,1
DA:23,1
DA:24,1
DA:59,1
DA:60,1
DA:61,1
DA:63,3
DA:64,2
DA:65,1
DA:66,1
DA:83,1
DA:84,1
DA:85,1
DA:86,3
DA:101,1
DA:102,3
DA:125,1
DA:126,2
DA:136,1
DA:137,2
DA:147,1
DA:148,2
LF:22
LH:22
end_of_record
SF:/Users/hocnguyent./Desktop/My/rxdart/packages/rxdart/lib/src/transformers/backpressure/debounce.dart
DA:32,1
DA:33,1
DA:36,2
DA:63,1
DA:64,2
DA:82,1
DA:83,3
DA:84,1
LF:8
LH:8
end_of_record
SF:/Users/hocnguyent./Desktop/My/rxdart/packages/rxdart/lib/src/transformers/backpressure/pairwise.dart
DA:15,1
DA:16,3
DA:17,1
DA:19,3
DA:34,3
LF:5
LH:5
end_of_record
SF:/Users/hocnguyent./Desktop/My/rxdart/packages/rxdart/lib/src/transformers/backpressure/sample.dart
DA:20,1
DA:21,1
DA:22,2
DA:36,1
DA:37,3
DA:48,1
DA:49,2
LF:7
LH:7
end_of_record
SF:/Users/hocnguyent./Desktop/My/rxdart/packages/rxdart/lib/src/transformers/backpressure/throttle.dart
DA:25,1
DA:29,1
DA:32,1
DA:33,2
DA:54,1
DA:56,1
DA:60,1
DA:72,1
DA:74,1
DA:75,2
DA:78,1
LF:11
LH:11
end_of_record
SF:/Users/hocnguyent./Desktop/My/rxdart/packages/rxdart/lib/src/transformers/backpressure/window.dart
DA:23,1
DA:24,1
DA:25,2
DA:62,1
DA:63,1
DA:64,2
DA:66,3
DA:67,2
DA:68,1
DA:69,1
DA:87,1
DA:88,1
DA:89,2
DA:90,3
DA:106,1
DA:107,3
DA:131,1
DA:132,2
DA:143,1
DA:144,2
DA:156,1
DA:157,2
LF:22
LH:22
end_of_record
SF:/Users/hocnguyent./Desktop/My/rxdart/packages/rxdart/lib/src/transformers/default_if_empty.dart
DA:8,1
DA:10,1
DA:12,1
DA:13,2
DA:16,1
DA:17,2
DA:19,1
DA:21,1
DA:22,3
DA:25,2
DA:43,1
DA:45,1
DA:46,1
DA:47,3
DA:58,1
DA:59,2
LF:16
LH:16
end_of_record
SF:/Users/hocnguyent./Desktop/My/rxdart/packages/rxdart/lib/src/transformers/delay.dart
DA:14,1
DA:16,1
DA:18,4
DA:19,2
DA:21,2
DA:23,3
DA:24,2
DA:28,2
DA:31,1
DA:32,2
DA:34,1
DA:36,1
DA:38,2
DA:39,2
DA:43,1
DA:44,2
DA:46,1
DA:49,1
DA:50,2
DA:52,1
DA:53,2
DA:75,1
DA:77,1
DA:79,4
DA:96,1
DA:97,2
LF:26
LH:26
end_of_record
SF:/Users/hocnguyent./Desktop/My/rxdart/packages/rxdart/lib/src/transformers/delay_when.dart
DA:16,1
DA:18,1
DA:21,6
DA:23,2
DA:24,2
DA:26,2
DA:27,3
DA:28,2
DA:32,2
DA:35,1
DA:36,2
DA:38,1
DA:40,1
DA:41,2
DA:42,2
DA:46,1
DA:48,1
DA:49,1
DA:51,2
DA:55,1
DA:56,2
DA:57,0
DA:59,2
DA:61,1
DA:64,1
DA:66,1
DA:70,1
DA:71,4
DA:73,1
DA:74,2
DA:75,1
DA:76,1
DA:78,1
DA:79,2
DA:80,1
DA:81,1
DA:84,1
DA:87,1
DA:89,1
DA:90,2
DA:93,1
DA:95,1
DA:96,2
DA:129,1
DA:131,1
DA:132,1
DA:133,4
DA:165,1
DA:169,1
DA:170,1
LF:50
LH:49
end_of_record
SF:/Users/hocnguyent./Desktop/My/rxdart/packages/rxdart/lib/src/transformers/dematerialize.dart
DA:9,1
DA:11,1
DA:12,1
DA:13,2
DA:14,2
DA:15,2
DA:18,0
DA:19,0
DA:21,1
DA:22,2
DA:50,1
DA:52,1
DA:54,3
DA:80,3
LF:14
LH:12
end_of_record
SF:/Users/hocnguyent./Desktop/My/rxdart/packages/rxdart/lib/src/transformers/distinct_unique.dart
DA:8,1
DA:10,1
DA:12,1
DA:14,2
DA:15,2
DA:19,0
DA:20,0
DA:22,1
DA:24,2
DA:25,2
DA:60,1
DA:62,1
DA:63,1
DA:65,2
DA:66,2
DA:85,1
DA:89,1
DA:91,1
LF:18
LH:16
end_of_record
SF:/Users/hocnguyent./Desktop/My/rxdart/packages/rxdart/lib/src/transformers/do.dart
DA:17,1
DA:28,1
DA:31,2
DA:33,2
DA:36,3
DA:38,2
DA:40,2
DA:43,1
DA:46,2
DA:48,2
DA:51,3
DA:53,0
DA:55,2
DA:58,1
DA:61,2
DA:63,2
DA:66,3
DA:68,2
DA:70,2
DA:73,1
DA:74,2
DA:76,1
DA:79,2
DA:81,2
DA:85,1
DA:88,2
DA:90,2
DA:94,1
DA:97,2
DA:99,2
DA:166,1
DA:175,1
DA:176,1
DA:177,1
DA:178,1
DA:179,1
DA:180,1
DA:181,1
DA:182,1
DA:183,1
DA:187,1
DA:188,1
DA:190,2
DA:191,1
DA:192,1
DA:193,1
DA:194,1
DA:195,1
DA:196,1
DA:197,1
DA:198,1
DA:218,1
DA:219,2
DA:229,1
DA:230,2
DA:240,1
DA:241,2
DA:255,1
DA:257,2
DA:266,1
DA:267,2
DA:276,1
DA:277,2
DA:289,1
DA:290,2
DA:303,1
DA:304,2
LF:67
LH:66
end_of_record
SF:/Users/hocnguyent./Desktop/My/rxdart/packages/rxdart/lib/src/transformers/end_with.dart
DA:7,1
DA:9,1
DA:10,2
DA:12,1
DA:13,2
DA:15,1
DA:17,3
DA:18,2
DA:35,1
DA:37,1
DA:38,1
DA:39,3
DA:50,1
DA:51,2
LF:14
LH:14
end_of_record
SF:/Users/hocnguyent./Desktop/My/rxdart/packages/rxdart/lib/src/transformers/end_with_many.dart
DA:7,1
DA:9,1
DA:10,2
DA:12,1
DA:13,2
DA:15,1
DA:17,4
DA:18,2
DA:35,1
DA:37,1
DA:38,1
DA:39,3
DA:50,1
DA:51,2
LF:14
LH:14
end_of_record
SF:/Users/hocnguyent./Desktop/My/rxdart/packages/rxdart/lib/src/transformers/exhaust_map.dart
DA:11,1
DA:13,1
DA:15,1
DA:21,2
DA:23,2
DA:27,2
DA:28,2
DA:29,2
DA:30,1
DA:31,1
DA:33,1
DA:34,2
DA:40,1
DA:41,2
DA:43,1
DA:45,1
DA:47,3
DA:50,1
DA:51,2
DA:53,1
DA:56,1
DA:57,2
DA:59,1
DA:60,2
DA:87,1
DA:89,1
DA:91,4
DA:111,1
DA:112,2
LF:29
LH:29
end_of_record
SF:/Users/hocnguyent./Desktop/My/rxdart/packages/rxdart/lib/src/transformers/flat_map.dart
DA:16,1
DA:18,1
DA:20,5
DA:21,2
DA:23,1
DA:27,1
DA:30,2
DA:32,2
DA:36,5
DA:37,2
DA:38,2
DA:40,2
DA:41,3
DA:42,3
DA:43,2
DA:46,2
DA:49,1
DA:50,2
DA:52,1
DA:54,1
DA:56,2
DA:57,2
DA:61,1
DA:63,2
DA:64,2
DA:67,1
DA:70,1
DA:71,2
DA:73,1
DA:74,2
DA:102,1
DA:104,1
DA:106,5
DA:125,1
DA:127,1
DA:128,1
DA:142,1
DA:144,1
DA:146,1
DA:147,2
LF:40
LH:40
end_of_record
SF:/Users/hocnguyent./Desktop/My/rxdart/packages/rxdart/lib/src/transformers/group_by.dart
DA:15,1
DA:17,1
DA:18,3
DA:19,1
DA:21,2
DA:24,1
DA:25,1
DA:26,2
DA:28,1
DA:29,2
DA:30,7
DA:32,1
DA:33,2
DA:34,3
DA:36,1
DA:40,2
DA:44,1
DA:48,2
DA:50,2
DA:54,5
DA:57,1
DA:58,2
DA:60,1
DA:62,1
DA:63,2
DA:66,1
DA:68,2
DA:70,3
DA:71,2
DA:72,3
DA:74,2
DA:75,1
DA:81,1
DA:84,1
DA:85,1
DA:87,1
DA:88,1
DA:113,1
DA:115,1
DA:116,1
DA:117,4
DA:128,2
DA:130,0
DA:131,0
DA:150,1
DA:154,1
DA:156,1
LF:47
LH:45
end_of_record
SF:/Users/hocnguyent./Desktop/My/rxdart/packages/rxdart/lib/src/transformers/ignore_elements.dart
DA:6,1
DA:8,1
DA:11,1
DA:12,2
DA:14,1
DA:15,2
DA:36,1
DA:38,1
DA:39,1
DA:40,2
DA:59,1
DA:60,2
LF:12
LH:12
end_of_record
SF:/Users/hocnguyent./Desktop/My/rxdart/packages/rxdart/lib/src/transformers/interval.dart
DA:11,3
DA:13,1
DA:15,1
DA:17,2
DA:19,1
DA:20,1
DA:24,1
DA:25,2
DA:27,1
DA:29,1
DA:31,1
DA:32,2
DA:36,1
DA:37,2
DA:38,5
DA:42,1
DA:43,2
DA:45,3
DA:46,3
DA:47,2
DA:48,2
DA:50,3
DA:51,2
DA:71,1
DA:73,1
DA:74,1
DA:75,3
DA:89,1
DA:90,2
LF:29
LH:29
end_of_record
SF:/Users/hocnguyent./Desktop/My/rxdart/packages/rxdart/lib/src/transformers/map_not_null.dart
DA:7,1
DA:9,1
DA:11,2
DA:13,2
DA:17,1
DA:19,2
DA:21,1
DA:22,2
DA:47,1
DA:49,1
DA:50,1
DA:51,3
DA:73,1
DA:74,2
LF:14
LH:14
end_of_record
SF:/Users/hocnguyent./Desktop/My/rxdart/packages/rxdart/lib/src/transformers/map_to.dart
DA:7,1
DA:9,1
DA:10,3
DA:12,1
DA:13,2
DA:15,1
DA:16,2
DA:33,1
DA:35,1
DA:36,1
DA:37,3
DA:51,3
LF:12
LH:12
end_of_record
SF:/Users/hocnguyent./Desktop/My/rxdart/packages/rxdart/lib/src/transformers/materialize.dart
DA:8,1
DA:10,1
DA:11,3
DA:13,1
DA:14,3
DA:16,1
DA:18,3
DA:19,2
DA:39,1
DA:41,1
DA:43,1
DA:44,2
DA:66,1
DA:67,2
LF:14
LH:14
end_of_record
SF:/Users/hocnguyent./Desktop/My/rxdart/packages/rxdart/lib/src/transformers/max.dart
DA:24,0
LF:1
LH:0
end_of_record
SF:/Users/hocnguyent./Desktop/My/rxdart/packages/rxdart/lib/src/transformers/min.dart
DA:26,0
LF:1
LH:0
end_of_record
SF:/Users/hocnguyent./Desktop/My/rxdart/packages/rxdart/lib/src/transformers/on_error_resume.dart
DA:12,1
DA:14,1
DA:15,2
DA:17,1
DA:22,2
DA:24,0
DA:29,5
DA:30,2
DA:31,2
DA:32,3
DA:33,2
DA:36,2
DA:39,1
DA:41,1
DA:42,2
DA:43,2
DA:47,1
DA:48,2
DA:50,1
DA:53,1
DA:54,2
DA:56,1
DA:57,2
DA:84,1
DA:86,1
DA:87,1
DA:89,3
DA:111,0
DA:112,0
DA:135,0
DA:137,0
DA:154,1
DA:155,3
DA:156,1
DA:177,1
DA:179,1
DA:180,4
LF:37
LH:32
end_of_record
SF:/Users/hocnguyent./Desktop/My/rxdart/packages/rxdart/lib/src/transformers/scan.dart
DA:9,1
DA:11,1
DA:13,8
DA:15,0
DA:16,0
DA:18,1
DA:19,2
DA:41,1
DA:43,1
DA:44,1
DA:45,4
DA:59,1
DA:61,2
LF:13
LH:11
end_of_record
SF:/Users/hocnguyent./Desktop/My/rxdart/packages/rxdart/lib/src/transformers/skip_last.dart
DA:7,1
DA:12,1
DA:14,2
DA:17,1
DA:18,2
DA:20,1
DA:22,4
DA:23,1
DA:24,5
DA:26,2
DA:29,1
DA:31,2
DA:34,1
DA:37,1
DA:40,1
DA:54,1
DA:55,4
DA:61,1
DA:63,4
DA:77,1
DA:78,2
LF:21
LH:21
end_of_record
SF:/Users/hocnguyent./Desktop/My/rxdart/packages/rxdart/lib/src/transformers/skip_until.dart
DA:11,1
DA:13,1
DA:15,1
DA:16,2
DA:20,1
DA:21,2
DA:23,1
DA:25,2
DA:26,2
DA:29,1
DA:30,2
DA:32,1
DA:33,2
DA:34,1
DA:35,5
DA:37,1
DA:38,2
DA:40,1
DA:41,2
DA:60,1
DA:62,1
DA:64,4
DA:80,1
DA:81,2
LF:24
LH:24
end_of_record
SF:/Users/hocnguyent./Desktop/My/rxdart/packages/rxdart/lib/src/transformers/start_with.dart
DA:9,1
DA:11,1
DA:12,2
DA:14,1
DA:15,2
DA:17,1
DA:18,2
DA:20,1
DA:23,1
DA:25,3
DA:28,1
DA:31,1
DA:48,1
DA:50,1
DA:52,4
DA:63,1
DA:64,2
LF:17
LH:17
end_of_record
SF:/Users/hocnguyent./Desktop/My/rxdart/packages/rxdart/lib/src/transformers/start_with_many.dart
DA:9,1
DA:11,1
DA:12,2
DA:14,1
DA:15,2
DA:17,1
DA:18,2
DA:20,1
DA:23,1
DA:25,4
DA:28,1
DA:31,1
DA:48,1
DA:50,1
DA:52,4
DA:64,1
DA:65,2
LF:17
LH:17
end_of_record
SF:/Users/hocnguyent./Desktop/My/rxdart/packages/rxdart/lib/src/transformers/switch_if_empty.dart
DA:12,1
DA:14,1
DA:16,1
DA:17,2
DA:20,1
DA:22,2
DA:25,1
DA:27,1
DA:28,3
DA:29,2
DA:30,2
DA:31,2
DA:34,2
DA:38,1
DA:39,2
DA:41,1
DA:44,0
DA:45,0
DA:47,0
DA:48,0
DA:81,1
DA:83,1
DA:85,1
DA:86,3
DA:117,1
DA:118,2
LF:26
LH:22
end_of_record
SF:/Users/hocnguyent./Desktop/My/rxdart/packages/rxdart/lib/src/transformers/switch_map.dart
DA:12,1
DA:14,1
DA:18,2
DA:20,2
DA:24,1
DA:27,1
DA:31,1
DA:32,1
DA:33,3
DA:34,1
DA:35,2
DA:37,3
DA:40,1
DA:41,1
DA:45,1
DA:46,1
DA:49,1
DA:50,1
DA:52,2
DA:53,2
DA:54,2
DA:55,1
DA:56,1
DA:58,1
DA:59,2
DA:68,2
DA:69,2
DA:73,1
DA:74,2
DA:76,1
DA:78,1
DA:80,3
DA:83,1
DA:85,1
DA:87,2
DA:90,1
DA:93,1
DA:94,1
DA:96,1
DA:97,2
DA:126,1
DA:128,1
DA:130,4
DA:153,1
DA:154,2
LF:45
LH:45
end_of_record
SF:/Users/hocnguyent./Desktop/My/rxdart/packages/rxdart/lib/src/transformers/take_last.dart
DA:8,1
DA:13,1
DA:15,2
DA:16,2
DA:17,4
DA:18,2
DA:23,1
DA:24,2
DA:26,1
DA:28,2
DA:29,5
DA:31,2
DA:34,1
DA:36,2
DA:39,1
DA:42,1
DA:45,1
DA:59,1
DA:60,4
DA:66,1
DA:68,4
DA:81,1
DA:82,2
LF:23
LH:23
end_of_record
SF:/Users/hocnguyent./Desktop/My/rxdart/packages/rxdart/lib/src/transformers/take_until.dart
DA:10,1
DA:12,1
DA:13,2
DA:15,1
DA:16,2
DA:18,1
DA:20,2
DA:21,2
DA:24,1
DA:25,2
DA:27,1
DA:28,2
DA:29,1
DA:30,5
DA:32,1
DA:33,2
DA:35,1
DA:36,2
DA:57,1
DA:59,1
DA:61,4
DA:78,1
DA:79,2
LF:23
LH:23
end_of_record
SF:/Users/hocnguyent./Desktop/My/rxdart/packages/rxdart/lib/src/transformers/take_while_inclusive.dart
DA:7,1
DA:9,1
DA:14,2
DA:16,2
DA:18,2
DA:23,2
DA:25,2
DA:26,2
DA:30,1
DA:31,2
DA:33,1
DA:34,2
DA:53,1
DA:55,1
DA:56,1
DA:57,3
DA:72,1
DA:73,2
LF:18
LH:18
end_of_record
SF:/Users/hocnguyent./Desktop/My/rxdart/packages/rxdart/lib/src/transformers/time_interval.dart
DA:9,1
DA:11,2
DA:12,2
DA:13,1
DA:15,1
DA:16,2
DA:20,1
DA:21,1
DA:22,1
DA:25,1
DA:26,2
DA:28,1
DA:29,2
DA:31,1
DA:34,1
DA:35,2
DA:37,1
DA:40,1
DA:57,1
DA:59,1
DA:61,3
DA:75,1
DA:77,1
DA:82,1
DA:83,0
DA:84,0
DA:87,0
DA:89,0
DA:92,0
DA:94,0
DA:109,1
DA:110,2
LF:32
LH:26
end_of_record
SF:/Users/hocnguyent./Desktop/My/rxdart/packages/rxdart/lib/src/transformers/timestamp.dart
DA:6,1
DA:8,1
DA:10,4
DA:13,1
DA:14,2
DA:16,1
DA:17,2
DA:32,1
DA:34,1
DA:36,3
DA:50,1
DA:52,1
DA:57,1
DA:58,0
DA:59,0
DA:62,0
DA:64,0
DA:67,0
DA:69,0
DA:85,1
DA:86,2
LF:21
LH:15
end_of_record
SF:/Users/hocnguyent./Desktop/My/rxdart/packages/rxdart/lib/src/transformers/where_not_null.dart
DA:6,1
DA:8,1
DA:11,2
DA:15,1
DA:17,2
DA:19,1
DA:20,2
DA:39,1
DA:40,1
DA:41,2
DA:64,3
LF:11
LH:11
end_of_record
SF:/Users/hocnguyent./Desktop/My/rxdart/packages/rxdart/lib/src/transformers/where_type.dart
DA:6,1
DA:8,1
DA:10,1
DA:11,2
DA:15,1
DA:16,2
DA:18,1
DA:19,2
DA:42,1
DA:44,1
DA:45,1
DA:46,2
DA:70,3
LF:13
LH:13
end_of_record
SF:/Users/hocnguyent./Desktop/My/rxdart/packages/rxdart/lib/src/transformers/with_latest_from.dart
DA:16,1
DA:18,1
DA:20,2
DA:23,4
DA:25,2
DA:28,2
DA:32,1
DA:33,2
DA:35,1
DA:36,2
DA:38,1
DA:40,1
DA:41,2
DA:44,1
DA:48,1
DA:51,1
DA:52,1
DA:55,4
DA:56,1
DA:59,2
DA:61,2
DA:65,1
DA:66,3
DA:67,2
DA:68,1
DA:70,4
DA:73,0
DA:74,0
DA:76,0
DA:77,0
DA:104,1
DA:108,1
DA:111,1
DA:113,3
DA:119,1
DA:123,1
DA:124,1
DA:125,3
DA:130,1
DA:135,1
DA:136,1
DA:137,4
DA:142,1
DA:148,1
DA:149,1
DA:154,1
DA:155,1
DA:157,1
DA:158,1
DA:159,1
DA:166,1
DA:173,1
DA:174,1
DA:180,1
DA:181,1
DA:183,1
DA:184,1
DA:185,1
DA:186,1
DA:193,1
DA:202,1
DA:203,1
DA:210,1
DA:211,1
DA:213,1
DA:214,1
DA:215,1
DA:216,1
DA:217,1
DA:224,1
DA:234,1
DA:235,1
DA:243,1
DA:244,1
DA:246,1
DA:247,1
DA:248,1
DA:249,1
DA:250,1
DA:251,1
DA:258,1
DA:269,1
DA:270,1
DA:279,1
DA:280,1
DA:282,1
DA:283,1
DA:284,1
DA:285,1
DA:286,1
DA:287,1
DA:288,1
DA:295,1
DA:307,1
DA:308,1
DA:318,1
DA:319,1
DA:321,1
DA:322,1
DA:323,1
DA:324,1
DA:325,1
DA:326,1
DA:327,1
DA:328,1
DA:335,1
DA:348,1
DA:349,1
DA:360,1
DA:361,1
DA:363,1
DA:364,1
DA:365,1
DA:366,1
DA:367,1
DA:368,1
DA:369,1
DA:370,1
DA:371,1
DA:376,1
DA:377,1
DA:379,4
DA:399,1
DA:401,1
DA:402,1
DA:424,1
DA:425,2
DA:444,1
DA:449,1
DA:453,1
DA:473,1
DA:479,1
DA:484,1
DA:505,1
DA:512,1
DA:518,1
DA:540,1
DA:548,1
DA:555,1
DA:579,1
DA:588,1
DA:596,1
DA:621,1
DA:631,1
DA:640,1
DA:666,1
DA:677,1
DA:687,1
DA:714,1
DA:726,1
DA:737,1
LF:151
LH:147
end_of_record
SF:/Users/hocnguyent./Desktop/My/rxdart/packages/rxdart/lib/src/utils/collection_extensions.dart
DA:13,0
DA:18,0
DA:19,0
DA:20,0
DA:36,1
DA:37,2
DA:38,1
DA:47,1
DA:49,2
DA:50,2
DA:60,1
DA:61,2
DA:62,1
LF:13
LH:9
end_of_record
SF:/Users/hocnguyent./Desktop/My/rxdart/packages/rxdart/lib/src/utils/forwarding_sink.dart
DA:26,1
DA:27,1
DA:32,2
DA:37,1
DA:38,1
DA:44,3
DA:48,3
DA:80,2
DA:81,3
LF:9
LH:9
end_of_record
SF:/Users/hocnguyent./Desktop/My/rxdart/packages/rxdart/lib/src/utils/forwarding_stream.dart
DA:11,1
DA:16,1
DA:18,1
DA:19,1
DA:20,1
DA:23,1
DA:25,2
DA:26,1
DA:27,2
DA:32,1
DA:36,1
DA:37,1
DA:38,1
DA:39,1
DA:41,1
DA:44,1
DA:45,1
DA:46,0
DA:47,0
DA:48,0
DA:49,0
DA:53,1
DA:56,2
DA:59,1
DA:61,1
DA:63,2
DA:68,1
DA:72,1
DA:73,1
DA:74,1
DA:80,2
DA:81,1
DA:85,1
DA:86,1
DA:87,1
DA:88,1
DA:90,1
DA:92,1
DA:93,2
DA:94,1
DA:95,1
DA:97,2
DA:98,1
DA:99,1
DA:104,2
DA:105,1
DA:106,1
DA:107,3
DA:108,1
DA:109,1
DA:110,1
DA:114,1
DA:117,2
DA:120,1
DA:122,1
DA:124,2
DA:126,1
DA:132,1
DA:134,1
DA:135,2
DA:137,1
DA:139,2
DA:141,1
DA:142,2
DA:144,1
DA:145,2
DA:151,1
DA:153,1
DA:154,2
DA:156,1
DA:158,2
DA:160,1
DA:161,2
DA:163,1
DA:164,2
LF:75
LH:71
end_of_record
SF:/Users/hocnguyent./Desktop/My/rxdart/packages/rxdart/lib/src/utils/min_max.dart
DA:14,0
DA:15,0
DA:22,0
DA:23,0
DA:25,0
DA:28,0
DA:32,0
DA:35,0
DA:39,0
DA:48,0
DA:49,0
DA:52,0
DA:53,0
DA:55,0
DA:57,0
DA:61,0
DA:63,0
DA:65,0
DA:69,0
DA:71,0
DA:75,0
LF:21
LH:0
end_of_record
SF:/Users/hocnguyent./Desktop/My/rxdart/packages/rxdart/lib/src/streams/combine_latest.dart
DA:60,1
DA:63,3
DA:67,1
DA:70,1
DA:72,1
DA:78,1
DA:83,1
DA:84,1
DA:85,4
DA:91,1
DA:97,1
DA:98,1
DA:99,1
DA:100,1
DA:101,1
DA:102,1
DA:103,1
DA:111,1
DA:118,1
DA:119,1
DA:120,1
DA:121,1
DA:122,1
DA:123,1
DA:124,1
DA:125,1
DA:133,1
DA:141,1
DA:142,1
DA:143,1
DA:144,1
DA:145,1
DA:146,1
DA:147,1
DA:148,1
DA:149,1
DA:157,1
DA:166,1
DA:167,1
DA:168,1
DA:169,1
DA:170,1
DA:171,1
DA:172,1
DA:173,1
DA:174,1
DA:175,1
DA:183,1
DA:193,1
DA:194,1
DA:195,1
DA:196,1
DA:197,1
DA:198,1
DA:199,1
DA:200,1
DA:201,1
DA:202,1
DA:203,1
DA:211,1
DA:222,1
DA:223,1
DA:233,1
DA:234,1
DA:235,1
DA:236,1
DA:237,1
DA:238,1
DA:239,1
DA:240,1
DA:241,1
DA:242,1
DA:250,1
DA:262,1
DA:263,1
DA:274,1
DA:275,1
DA:276,1
DA:277,1
DA:278,1
DA:279,1
DA:280,1
DA:281,1
DA:282,1
DA:283,1
DA:284,1
DA:289,1
DA:293,1
DA:297,2
DA:300,1
DA:301,3
DA:302,1
DA:306,2
DA:309,1
DA:310,1
DA:315,1
DA:319,1
DA:322,2
DA:325,2
DA:327,1
DA:330,1
DA:333,1
DA:336,1
DA:337,1
DA:338,1
DA:340,2
DA:343,3
DA:344,3
DA:345,2
DA:347,1
LF:110
LH:110
end_of_record
SF:/Users/hocnguyent./Desktop/My/rxdart/packages/rxdart/lib/src/streams/concat.dart
DA:27,1
DA:28,3
DA:30,1
DA:31,1
DA:34,2
DA:35,1
DA:37,1
DA:38,1
DA:39,1
DA:42,1
DA:43,3
DA:44,1
DA:47,1
DA:49,1
DA:50,1
DA:51,3
DA:68,1
DA:69,3
DA:71,1
DA:72,3
LF:20
LH:20
end_of_record
SF:/Users/hocnguyent./Desktop/My/rxdart/packages/rxdart/lib/src/streams/concat_eager.dart
DA:34,1
DA:35,3
DA:37,1
DA:38,1
DA:42,2
DA:43,1
DA:45,1
DA:46,1
DA:47,3
DA:48,2
DA:49,2
DA:50,3
DA:51,1
DA:56,1
DA:57,2
DA:58,2
DA:61,1
DA:62,1
DA:63,1
DA:64,2
DA:71,2
DA:72,1
DA:73,1
DA:76,1
DA:79,3
DA:80,3
DA:81,2
DA:83,1
LF:28
LH:28
end_of_record
SF:/Users/hocnguyent./Desktop/My/rxdart/packages/rxdart/lib/src/streams/connectable_stream.dart
DA:18,2
DA:56,1
DA:59,2
DA:62,1
DA:64,2
DA:65,2
DA:66,2
DA:67,2
DA:68,2
DA:70,1
DA:73,1
DA:74,3
DA:75,1
DA:79,3
DA:80,1
DA:84,1
DA:88,1
DA:89,1
DA:92,3
DA:93,1
DA:94,1
DA:96,2
DA:98,1
DA:101,1
DA:103,1
DA:104,1
DA:107,4
DA:108,1
DA:111,1
DA:113,1
DA:114,1
DA:118,4
DA:119,4
DA:121,1
DA:132,1
DA:133,2
DA:145,1
DA:146,2
DA:151,1
DA:153,2
DA:155,0
DA:156,0
DA:158,1
DA:159,2
DA:161,0
DA:162,0
DA:164,0
DA:165,0
DA:167,0
DA:168,0
DA:170,0
DA:171,0
DA:173,0
DA:174,0
DA:176,0
DA:177,0
DA:189,1
DA:190,1
DA:192,1
DA:195,1
DA:196,2
DA:198,0
DA:199,0
DA:201,0
DA:202,0
DA:213,1
DA:215,1
DA:217,6
DA:219,0
DA:220,0
DA:222,0
DA:223,0
DA:225,0
DA:226,0
DA:228,0
DA:229,0
DA:231,0
DA:232,0
DA:234,0
DA:235,0
DA:237,0
DA:238,0
DA:240,0
DA:272,1
DA:273,1
DA:307,1
DA:308,1
DA:343,1
DA:344,1
DA:379,1
DA:380,1
DA:404,3
DA:440,3
DA:476,1
DA:477,2
DA:514,1
DA:515,2
LF:97
LH:64
end_of_record
SF:/Users/hocnguyent./Desktop/My/rxdart/packages/rxdart/lib/src/streams/defer.dart
DA:20,1
DA:21,1
DA:25,1
DA:29,1
DA:31,2
DA:32,1
DA:34,1
DA:40,2
DA:42,2
DA:50,1
LF:10
LH:10
end_of_record
SF:/Users/hocnguyent./Desktop/My/rxdart/packages/rxdart/lib/src/streams/fork_join.dart
DA:73,1
DA:76,2
DA:81,1
DA:84,1
DA:86,1
DA:92,1
DA:97,1
DA:98,1
DA:99,4
DA:105,1
DA:111,1
DA:112,1
DA:113,1
DA:114,1
DA:115,1
DA:116,1
DA:117,1
DA:125,1
DA:132,1
DA:133,1
DA:134,1
DA:135,1
DA:136,1
DA:137,1
DA:138,1
DA:139,1
DA:147,1
DA:155,1
DA:156,1
DA:157,1
DA:158,1
DA:159,1
DA:160,1
DA:161,1
DA:162,1
DA:163,1
DA:171,0
DA:180,0
DA:181,0
DA:182,0
DA:183,0
DA:184,0
DA:185,0
DA:186,0
DA:187,0
DA:188,0
DA:189,0
DA:197,1
DA:207,1
DA:208,1
DA:209,1
DA:210,1
DA:211,1
DA:212,1
DA:213,1
DA:214,1
DA:215,1
DA:216,1
DA:217,1
DA:225,1
DA:236,1
DA:237,1
DA:247,1
DA:248,1
DA:249,1
DA:250,1
DA:251,1
DA:252,1
DA:253,1
DA:254,1
DA:255,1
DA:256,1
DA:264,1
DA:276,1
DA:277,1
DA:288,1
DA:289,1
DA:290,1
DA:291,1
DA:292,1
DA:293,1
DA:294,1
DA:295,1
DA:296,1
DA:297,1
DA:298,1
DA:303,1
DA:307,1
DA:311,2
DA:314,1
DA:317,1
DA:318,1
DA:320,1
DA:322,1
DA:323,1
DA:325,2
DA:326,1
DA:333,3
DA:336,2
DA:338,1
DA:339,1
DA:343,1
DA:344,1
DA:350,2
DA:351,1
DA:352,1
DA:354,2
DA:357,3
DA:358,3
DA:359,2
DA:361,1
DA:364,1
LF:112
LH:101
end_of_record
SF:/Users/hocnguyent./Desktop/My/rxdart/packages/rxdart/lib/src/streams/from_callable.dart
DA:36,1
DA:39,1
DA:40,1
DA:42,1
DA:49,2
DA:51,2
DA:53,1
DA:54,3
DA:56,2
DA:60,2
LF:10
LH:10
end_of_record
SF:/Users/hocnguyent./Desktop/My/rxdart/packages/rxdart/lib/src/streams/merge.dart
DA:23,1
DA:24,3
DA:26,1
DA:27,1
DA:30,2
DA:33,1
DA:34,3
DA:35,1
DA:40,4
DA:41,1
DA:42,1
DA:44,1
DA:45,1
DA:48,3
DA:49,3
DA:50,3
DA:67,1
DA:68,3
DA:70,1
DA:71,3
LF:20
LH:20
end_of_record
SF:/Users/hocnguyent./Desktop/My/rxdart/packages/rxdart/lib/src/streams/never.dart
DA:20,1
DA:22,1
DA:25,3
LF:3
LH:3
end_of_record
SF:/Users/hocnguyent./Desktop/My/rxdart/packages/rxdart/lib/src/streams/race.dart
DA:26,1
DA:27,3
DA:29,1
DA:30,1
DA:33,2
DA:34,1
DA:35,1
DA:37,3
DA:38,2
DA:39,1
DA:43,1
DA:46,1
DA:47,1
DA:48,2
DA:49,1
DA:51,1
DA:56,4
DA:57,2
DA:58,1
DA:60,1
DA:61,1
DA:64,3
DA:65,3
DA:66,3
LF:24
LH:24
end_of_record
SF:/Users/hocnguyent./Desktop/My/rxdart/packages/rxdart/lib/src/streams/range.dart
DA:17,1
DA:18,1
DA:20,1
DA:23,1
DA:24,1
DA:26,1
DA:28,2
DA:32,1
DA:33,3
DA:35,2
DA:36,1
DA:37,1
DA:39,2
LF:13
LH:13
end_of_record
SF:/Users/hocnguyent./Desktop/My/rxdart/packages/rxdart/lib/src/streams/repeat.dart
DA:31,1
DA:33,1
DA:36,2
DA:38,1
DA:39,3
DA:40,3
DA:41,3
DA:43,3
DA:51,1
DA:52,1
DA:53,2
DA:55,1
DA:58,1
DA:60,6
DA:61,1
DA:62,1
DA:67,0
DA:71,1
DA:72,3
DA:73,2
DA:75,1
LF:21
LH:20
end_of_record
SF:/Users/hocnguyent./Desktop/My/rxdart/packages/rxdart/lib/src/streams/replay_stream.dart
DA:20,0
DA:21,0
DA:22,0
DA:23,0
LF:4
LH:0
end_of_record
SF:/Users/hocnguyent./Desktop/My/rxdart/packages/rxdart/lib/src/streams/retry.dart
DA:35,2
DA:37,1
DA:38,3
DA:39,3
DA:40,1
DA:41,2
DA:42,2
DA:51,1
DA:53,1
DA:56,3
DA:64,1
DA:65,1
DA:66,2
DA:67,1
DA:69,3
DA:71,3
DA:72,3
DA:73,4
DA:75,2
DA:77,2
DA:78,1
DA:82,4
DA:83,2
DA:85,2
LF:24
LH:24
end_of_record
SF:/Users/hocnguyent./Desktop/My/rxdart/packages/rxdart/lib/src/streams/retry_when.dart
DA:65,2
DA:67,1
DA:68,3
DA:69,3
DA:70,3
DA:78,1
DA:80,1
DA:83,3
DA:91,1
DA:92,1
DA:93,1
DA:97,2
DA:99,1
DA:102,2
DA:103,1
DA:104,1
DA:105,1
DA:107,1
DA:108,1
DA:109,1
DA:115,4
DA:116,2
DA:118,2
DA:123,1
DA:130,2
DA:132,2
DA:133,2
DA:135,2
DA:138,1
DA:139,2
DA:140,1
LF:31
LH:31
end_of_record
SF:/Users/hocnguyent./Desktop/My/rxdart/packages/rxdart/lib/src/streams/sequence_equal.dart
DA:27,1
DA:32,1
DA:34,1
DA:37,3
DA:40,1
DA:46,2
DA:47,0
DA:52,1
DA:54,1
DA:55,1
DA:56,1
DA:57,1
DA:59,1
DA:60,3
DA:64,1
DA:65,1
DA:66,1
DA:67,1
DA:68,1
DA:70,1
DA:72,1
DA:73,1
DA:74,1
DA:75,1
DA:81,3
DA:82,2
DA:83,1
DA:85,1
DA:89,0
DA:90,0
DA:91,2
LF:31
LH:28
end_of_record
SF:/Users/hocnguyent./Desktop/My/rxdart/packages/rxdart/lib/src/streams/switch_latest.dart
DA:33,1
DA:34,1
DA:36,1
DA:39,3
DA:46,1
DA:52,1
DA:54,1
DA:55,1
DA:58,1
DA:61,1
DA:64,1
DA:67,2
DA:69,1
DA:73,1
DA:74,1
DA:75,1
DA:79,0
DA:81,1
DA:83,1
DA:84,1
DA:85,0
DA:87,1
DA:88,1
DA:89,0
DA:91,1
DA:92,1
DA:94,1
LF:27
LH:24
end_of_record
SF:/Users/hocnguyent./Desktop/My/rxdart/packages/rxdart/lib/src/streams/timer.dart
DA:13,1
DA:14,1
DA:16,1
DA:19,3
DA:27,1
DA:28,1
DA:33,1
DA:37,2
DA:38,1
DA:40,3
DA:41,1
DA:42,1
DA:46,1
DA:48,1
DA:49,1
DA:50,2
DA:51,1
DA:52,1
DA:55,1
DA:56,1
DA:58,1
DA:61,1
DA:62,1
LF:23
LH:23
end_of_record
SF:/Users/hocnguyent./Desktop/My/rxdart/packages/rxdart/lib/src/streams/using.dart
DA:27,1
DA:31,2
DA:33,1
DA:43,1
DA:49,1
DA:51,1
DA:52,1
DA:56,1
DA:57,1
DA:58,1
DA:59,1
DA:63,1
DA:65,1
DA:68,1
DA:70,1
DA:71,1
DA:75,1
DA:76,1
DA:78,2
DA:81,1
DA:82,1
DA:84,1
DA:86,2
DA:87,1
DA:88,1
DA:92,2
DA:93,2
DA:94,1
DA:95,1
DA:99,1
DA:101,3
DA:105,1
LF:32
LH:32
end_of_record
SF:/Users/hocnguyent./Desktop/My/rxdart/packages/rxdart/lib/src/streams/value_stream.dart
DA:51,3
DA:54,3
DA:61,1
DA:62,1
DA:63,2
DA:76,1
DA:79,1
DA:80,1
DA:83,1
DA:84,1
DA:86,0
DA:88,0
DA:89,0
DA:92,0
LF:14
LH:10
end_of_record
SF:/Users/hocnguyent./Desktop/My/rxdart/packages/rxdart/lib/src/streams/zip.dart
DA:50,1
DA:53,3
DA:57,1
DA:58,1
DA:60,1
DA:67,1
DA:72,1
DA:73,1
DA:74,4
DA:81,1
DA:87,1
DA:88,1
DA:89,1
DA:90,1
DA:91,1
DA:92,1
DA:93,1
DA:102,1
DA:109,1
DA:110,1
DA:111,1
DA:112,1
DA:113,1
DA:114,1
DA:115,1
DA:116,1
DA:125,1
DA:133,1
DA:134,1
DA:135,1
DA:136,1
DA:137,1
DA:138,1
DA:139,1
DA:140,1
DA:141,1
DA:150,1
DA:159,1
DA:160,1
DA:161,1
DA:162,1
DA:163,1
DA:164,1
DA:165,1
DA:166,1
DA:167,1
DA:168,1
DA:177,1
DA:187,1
DA:188,1
DA:189,1
DA:190,1
DA:191,1
DA:192,1
DA:193,1
DA:194,1
DA:195,1
DA:196,1
DA:197,1
DA:206,1
DA:217,1
DA:218,1
DA:219,1
DA:220,1
DA:221,1
DA:222,1
DA:223,1
DA:224,1
DA:225,1
DA:226,1
DA:227,1
DA:228,1
DA:237,1
DA:249,1
DA:250,1
DA:261,1
DA:262,1
DA:263,1
DA:264,1
DA:265,1
DA:266,1
DA:267,1
DA:268,1
DA:269,1
DA:270,1
DA:271,1
DA:277,1
DA:281,1
DA:283,1
DA:285,2
DA:290,1
DA:291,1
DA:292,1
DA:294,1
DA:297,1
DA:298,1
DA:299,1
DA:301,1
DA:306,2
DA:308,1
DA:311,1
DA:314,1
DA:319,1
DA:320,2
DA:322,1
DA:328,4
DA:329,2
DA:330,1
DA:331,1
DA:332,1
DA:334,2
DA:335,1
DA:338,3
DA:339,3
DA:340,3
DA:354,4
DA:356,2
DA:358,1
DA:359,2
DA:361,2
DA:364,1
DA:365,1
DA:367,2
DA:381,1
DA:382,1
DA:384,1
DA:385,3
LF:127
LH:127
end_of_record
SF:/Users/hocnguyent./Desktop/My/rxdart/packages/rxdart/lib/src/subjects/subject.dart
DA:23,1
DA:25,2
DA:26,1
DA:28,1
DA:29,1
DA:31,1
DA:32,2
DA:34,1
DA:36,2
DA:39,1
DA:40,1
DA:42,1
DA:44,1
DA:46,1
DA:48,1
DA:50,1
DA:52,1
DA:54,1
DA:56,1
DA:58,1
DA:59,2
DA:61,1
DA:63,2
DA:66,1
DA:67,2
DA:69,1
DA:70,2
DA:72,1
DA:73,2
DA:75,1
DA:76,2
DA:78,1
DA:80,1
DA:81,1
DA:85,1
DA:88,1
DA:89,2
DA:90,1
DA:95,2
DA:101,1
DA:103,1
DA:105,1
DA:106,1
DA:109,1
DA:111,1
DA:112,1
DA:113,1
DA:114,1
DA:115,1
DA:119,1
DA:120,1
DA:122,1
DA:123,1
DA:124,1
DA:126,1
DA:131,1
DA:134,1
DA:136,1
DA:137,1
DA:141,1
DA:144,1
DA:145,2
DA:146,1
DA:151,2
DA:157,1
DA:159,1
DA:161,1
DA:162,1
DA:166,2
DA:173,1
DA:175,1
DA:183,0
DA:184,0
DA:186,1
DA:189,3
DA:192,1
DA:199,2
DA:211,1
DA:213,1
DA:215,2
DA:218,0
DA:220,0
DA:223,1
DA:224,2
DA:226,0
DA:227,0
DA:229,0
DA:230,0
LF:88
LH:80
end_of_record
SF:/Users/hocnguyent./Desktop/My/rxdart/packages/rxdart/lib/src/subjects/publish_subject.dart
DA:28,1
DA:29,1
DA:35,1
DA:40,1
DA:46,1
DA:48,1
LF:6
LH:6
end_of_record
SF:/Users/hocnguyent./Desktop/My/rxdart/packages/rxdart/lib/src/subjects/behavior_subject.dart
DA:48,1
DA:52,1
DA:58,1
DA:64,1
DA:70,1
DA:72,1
DA:74,2
DA:84,1
DA:91,1
DA:97,1
DA:99,1
DA:101,2
DA:106,1
DA:108,1
DA:109,1
DA:110,1
DA:111,2
DA:112,1
DA:113,1
DA:114,1
DA:119,1
DA:120,2
DA:121,1
DA:122,2
DA:125,1
DA:128,1
DA:129,2
DA:131,1
DA:133,2
DA:135,1
DA:136,1
DA:138,1
DA:139,3
DA:141,1
DA:143,2
DA:144,1
DA:147,1
DA:150,1
DA:151,3
DA:154,2
DA:156,1
DA:157,2
DA:159,1
DA:160,3
DA:162,1
DA:164,2
DA:166,1
DA:168,1
DA:171,1
DA:172,3
DA:174,1
DA:177,2
DA:178,3
DA:182,2
DA:184,1
DA:198,1
DA:200,1
DA:201,1
DA:204,1
DA:205,1
DA:206,1
DA:209,1
DA:210,2
DA:211,1
DA:218,1
DA:220,1
DA:228,0
DA:229,0
DA:231,1
DA:234,1
DA:235,2
DA:238,1
DA:245,2
DA:252,0
DA:253,0
DA:255,1
DA:256,2
DA:258,0
DA:259,0
DA:261,0
DA:262,0
DA:264,1
DA:265,2
DA:267,1
DA:268,2
DA:270,0
DA:271,0
DA:273,1
DA:274,2
LF:89
LH:79
end_of_record
SF:/Users/hocnguyent./Desktop/My/rxdart/packages/rxdart/lib/src/subjects/replay_subject.dart
DA:59,1
DA:66,1
DA:72,1
DA:74,1
DA:76,1
DA:77,4
DA:78,1
DA:79,1
DA:80,1
DA:83,1
DA:84,1
DA:85,1
DA:86,1
DA:91,3
DA:102,1
DA:107,1
DA:109,1
DA:111,4
DA:112,2
DA:115,3
DA:118,1
DA:120,4
DA:121,0
DA:124,4
DA:127,1
DA:128,1
DA:129,3
DA:130,3
DA:131,1
DA:133,1
DA:134,1
DA:135,4
DA:136,1
DA:138,1
DA:139,1
DA:140,3
DA:141,3
DA:142,1
DA:144,1
DA:145,1
DA:152,1
DA:154,2
DA:156,1
DA:157,1
DA:163,1
DA:165,1
DA:168,1
DA:169,2
DA:171,0
DA:172,0
DA:174,0
DA:175,0
DA:182,0
DA:183,0
DA:185,1
DA:188,3
DA:191,1
DA:198,2
LF:58
LH:51
end_of_record
SF:/Users/hocnguyent./Desktop/My/rxdart/packages/rxdart/lib/src/transformers/start_with_error.dart
DA:10,1
DA:12,1
DA:13,2
DA:15,1
DA:16,2
DA:18,1
DA:19,2
DA:21,1
DA:24,1
DA:26,4
DA:29,0
DA:32,0
DA:52,1
DA:54,1
DA:56,5
LF:15
LH:13
end_of_record
SF:/Users/hocnguyent./Desktop/My/rxdart/packages/rxdart/lib/src/utils/empty.dart
DA:2,1
DA:4,0
DA:14,1
DA:18,1
LF:4
LH:3
end_of_record
SF:/Users/hocnguyent./Desktop/My/rxdart/packages/rxdart/lib/src/transformers/backpressure/backpressure.dart
DA:42,1
DA:54,1
DA:56,1
DA:57,2
DA:59,2
DA:60,2
DA:62,5
DA:63,6
DA:67,2
DA:68,2
DA:71,2
DA:74,1
DA:75,2
DA:77,1
DA:79,1
DA:81,2
DA:87,3
DA:88,4
DA:91,2
DA:93,2
DA:95,1
DA:96,2
DA:99,1
DA:100,2
DA:102,1
DA:105,1
DA:106,2
DA:108,1
DA:109,2
DA:111,1
DA:112,1
DA:114,1
DA:115,1
DA:117,2
DA:119,1
DA:123,1
DA:124,1
DA:126,2
DA:128,1
DA:132,1
DA:133,2
DA:135,2
DA:137,1
DA:140,1
DA:145,1
DA:146,4
DA:147,1
DA:151,1
DA:152,3
DA:154,1
DA:155,3
DA:160,1
DA:161,2
DA:162,2
DA:163,1
DA:164,2
DA:167,1
DA:170,2
DA:172,2
DA:177,1
DA:178,1
DA:179,3
DA:183,1
DA:185,2
DA:186,1
DA:187,1
DA:188,3
DA:189,1
DA:190,4
DA:193,2
DA:194,2
DA:195,1
DA:197,1
DA:202,2
DA:203,2
DA:204,2
DA:205,1
DA:208,1
DA:212,4
DA:213,1
DA:214,4
DA:219,2
DA:220,5
DA:221,4
DA:253,4
DA:254,3
DA:256,2
DA:259,2
DA:264,3
DA:330,1
DA:342,1
DA:343,1
DA:345,2
DA:346,1
DA:347,1
DA:348,1
DA:349,1
DA:350,1
DA:351,1
DA:352,1
DA:353,1
DA:354,1
LF:102
LH:102
end_of_record
